2022-03-18 18:49:03,668 INFO  [Log] checkBasePageUrl()Passed 
2022-03-18 18:49:03,926 INFO  [Log] acceptCookiesAndCheck()Passed 
2022-03-18 18:49:08,329 INFO  [Log] checkLoginWhenLoginSuccesful()Passed 
2022-03-18 18:49:08,777 INFO  [Log] checkDropDownWhenSelectComputers()Passed 
2022-03-18 18:49:11,129 INFO  [Log] checkSearchforMsi()Passed 
2022-03-18 18:49:12,532 INFO  [Log] checkSecondPage()Passed 
2022-03-18 18:49:16,769 INFO  [Log] checkFavoriteList()Passed 
2022-03-18 18:49:21,883 INFO  [Log] checkOpenFavoriteList()Passed 
2022-03-18 18:49:23,185 INFO  [Log] checkRemoveFromFavoriteList()Passed 
2022-03-18 18:49:27,439 INFO  [Log] checkLogout()Passed 
2022-03-18 18:56:07,058 INFO  [Log] checkBasePageUrl()Passed 
2022-03-18 18:56:07,310 INFO  [Log] acceptCookiesAndCheck()Passed 
2022-03-18 18:56:11,127 INFO  [Log] checkLoginWhenLoginSuccesful()Passed 
2022-03-18 18:56:11,556 INFO  [Log] checkDropDownWhenSelectComputers()Passed 
2022-03-18 18:56:14,146 INFO  [Log] checkSearchforMsi()Passed 
2022-03-18 18:56:15,712 INFO  [Log] checkSecondPage()Passed 
2022-03-18 18:56:20,580 INFO  [Log] checkFavoriteList()Passed 
2022-03-18 18:56:25,711 INFO  [Log] checkOpenFavoriteList()Passed 
2022-03-18 18:56:26,994 INFO  [Log] checkRemoveFromFavoriteList()Passed 
2022-03-18 18:56:31,023 INFO  [Log] checkLogout()Passed 
2022-03-18 18:58:38,028 INFO  [Log] checkBasePageUrl()Passed 
2022-03-18 18:58:38,247 INFO  [Log] acceptCookiesAndCheck()Passed 
2022-03-18 18:58:42,381 INFO  [Log] checkLoginWhenLoginSuccesful()Passed 
2022-03-18 18:58:42,763 INFO  [Log] checkDropDownWhenSelectComputers()Passed 
2022-03-18 18:58:44,868 INFO  [Log] checkSearchForMsi()Passed 
2022-03-18 18:58:46,511 INFO  [Log] checkSecondPage()Passed 
2022-03-18 18:58:50,708 INFO  [Log] checkFavoriteList()Passed 
2022-03-18 18:58:55,915 INFO  [Log] checkOpenFavoriteList()Passed 
2022-03-18 18:58:57,161 INFO  [Log] checkRemoveFromFavoriteList()Passed 
2022-03-18 18:59:01,396 INFO  [Log] checkLogout()Passed 
2022-04-03 23:40:58,286 INFO  [Log] checkBasePageUrl()Passed 
2022-04-03 23:40:58,592 INFO  [Log] acceptCookiesAndCheck()Passed 
2022-04-03 23:41:02,792 INFO  [Log] checkLoginWhenLoginSuccesful()Passed 
2022-04-03 23:41:03,306 INFO  [Log] checkDropDownWhenSelectComputers()Passed 
2022-04-03 23:41:05,503 INFO  [Log] checkSearchForMsi()Passed 
2022-04-03 23:41:06,995 INFO  [Log] checkSecondPage()Passed 
2022-04-03 23:41:12,848 INFO  [Log] checkFavoriteList()Passed 
2022-04-03 23:41:18,202 INFO  [Log] checkOpenFavoriteList()Passed 
2022-04-03 23:41:19,179 INFO  [Log] checkRemoveFromFavoriteList()Passed 
2022-04-03 23:41:23,398 INFO  [Log] checkLogout()Passed 
